# JRE version: Java(TM) SE Runtime Environment (8.0_45-b14) (build 1.8.0_45-b14)
# Java VM: Java HotSpot(TM) 64-Bit Server VM (25.45-b02 mixed mode bsd-amd64 compressed oops)
Heap:
 PSYoungGen      total 117248K, used 82723K [0x0000000795580000, 0x000000079e600000, 0x00000007c0000000)
  eden space 115712K, 70% used [0x0000000795580000,0x000000079a4d8fa0,0x000000079c680000)
  from space 1536K, 95% used [0x000000079d800000,0x000000079d970000,0x000000079d980000)
  to   space 7168K, 0% used [0x000000079df00000,0x000000079df00000,0x000000079e600000)
 ParOldGen       total 87552K, used 30434K [0x0000000740000000, 0x0000000745580000, 0x0000000795580000)
  object space 87552K, 34% used [0x0000000740000000,0x0000000741db89b0,0x0000000745580000)
 Metaspace       used 8642K, capacity 8814K, committed 8960K, reserved 1056768K
  class space    used 925K, capacity 1015K, committed 1024K, reserved 1048576K
GC Heap History (10 events):
Event: 88.961 GC heap before
{Heap before GC invocations=25 (full 0):
 PSYoungGen      total 142336K, used 142240K [0x0000000795580000, 0x000000079f580000, 0x00000007c0000000)
  eden space 140800K, 100% used [0x0000000795580000,0x000000079df00000,0x000000079df00000)
  from space 1536K, 93% used [0x000000079f400000,0x000000079f568000,0x000000079f580000)
  to   space 7680K, 0% used [0x000000079e680000,0x000000079e680000,0x000000079ee00000)
 ParOldGen       total 87552K, used 28458K [0x0000000740000000, 0x0000000745580000, 0x0000000795580000)
  object space 87552K, 32% used [0x0000000740000000,0x0000000741bca990,0x0000000745580000)
 Metaspace       used 8054K, capacity 8194K, committed 8448K, reserved 1056768K
  class space    used 873K, capacity 937K, committed 1024K, reserved 1048576K
Event: 88.971 GC heap after
Heap after GC invocations=25 (full 0):
 PSYoungGen      total 140800K, used 5632K [0x0000000795580000, 0x000000079f480000, 0x00000007c0000000)
  eden space 135168K, 0% used [0x0000000795580000,0x0000000795580000,0x000000079d980000)
  from space 5632K, 100% used [0x000000079e680000,0x000000079ec00000,0x000000079ec00000)
  to   space 8192K, 0% used [0x000000079ec80000,0x000000079ec80000,0x000000079f480000)
 ParOldGen       total 87552K, used 28930K [0x0000000740000000, 0x0000000745580000, 0x0000000795580000)
  object space 87552K, 33% used [0x0000000740000000,0x0000000741c40990,0x0000000745580000)
 Metaspace       used 8054K, capacity 8194K, committed 8448K, reserved 1056768K
  class space    used 873K, capacity 937K, committed 1024K, reserved 1048576K
}
Event: 91.002 GC heap before
{Heap before GC invocations=26 (full 0):
 PSYoungGen      total 140800K, used 140800K [0x0000000795580000, 0x000000079f480000, 0x00000007c0000000)
  eden space 135168K, 100% used [0x0000000795580000,0x000000079d980000,0x000000079d980000)
  from space 5632K, 100% used [0x000000079e680000,0x000000079ec00000,0x000000079ec00000)
  to   space 8192K, 0% used [0x000000079ec80000,0x000000079ec80000,0x000000079f480000)
 ParOldGen       total 87552K, used 28930K [0x0000000740000000, 0x0000000745580000, 0x0000000795580000)
  object space 87552K, 33% used [0x0000000740000000,0x0000000741c40990,0x0000000745580000)
 Metaspace       used 8055K, capacity 8194K, committed 8448K, reserved 1056768K
  class space    used 873K, capacity 937K, committed 1024K, reserved 1048576K
Event: 91.011 GC heap after
Heap after GC invocations=26 (full 0):
 PSYoungGen      total 133632K, used 3232K [0x0000000795580000, 0x000000079f000000, 0x00000007c0000000)
  eden space 130048K, 0% used [0x0000000795580000,0x0000000795580000,0x000000079d480000)
  from space 3584K, 90% used [0x000000079ec80000,0x000000079efa8010,0x000000079f000000)
  to   space 7680K, 0% used [0x000000079e100000,0x000000079e100000,0x000000079e880000)
 ParOldGen       total 87552K, used 29290K [0x0000000740000000, 0x0000000745580000, 0x0000000795580000)
  object space 87552K, 33% used [0x0000000740000000,0x0000000741c9a990,0x0000000745580000)
 Metaspace       used 8055K, capacity 8194K, committed 8448K, reserved 1056768K
  class space    used 873K, capacity 937K, committed 1024K, reserved 1048576K
}
Event: 95.715 GC heap before
{Heap before GC invocations=27 (full 0):
 PSYoungGen      total 133632K, used 133280K [0x0000000795580000, 0x000000079f000000, 0x00000007c0000000)
  eden space 130048K, 100% used [0x0000000795580000,0x000000079d480000,0x000000079d480000)
  from space 3584K, 90% used [0x000000079ec80000,0x000000079efa8010,0x000000079f000000)
  to   space 7680K, 0% used [0x000000079e100000,0x000000079e100000,0x000000079e880000)
 ParOldGen       total 87552K, used 29290K [0x0000000740000000, 0x0000000745580000, 0x0000000795580000)
  object space 87552K, 33% used [0x0000000740000000,0x0000000741c9a990,0x0000000745580000)
 Metaspace       used 8061K, capacity 8258K, committed 8448K, reserved 1056768K
  class space    used 873K, capacity 937K, committed 1024K, reserved 1048576K
Event: 95.725 GC heap after
Heap after GC invocations=27 (full 0):
 PSYoungGen      total 126464K, used 1376K [0x0000000795580000, 0x000000079ed00000, 0x00000007c0000000)
  eden space 124928K, 0% used [0x0000000795580000,0x0000000795580000,0x000000079cf80000)
  from space 1536K, 89% used [0x000000079e100000,0x000000079e258000,0x000000079e280000)
  to   space 7680K, 0% used [0x000000079e580000,0x000000079e580000,0x000000079ed00000)
 ParOldGen       total 87552K, used 29986K [0x0000000740000000, 0x0000000745580000, 0x0000000795580000)
  object space 87552K, 34% used [0x0000000740000000,0x0000000741d489a0,0x0000000745580000)
 Metaspace       used 8061K, capacity 8258K, committed 8448K, reserved 1056768K
  class space    used 873K, capacity 937K, committed 1024K, reserved 1048576K
}
Event: 96.181 GC heap before
{Heap before GC invocations=28 (full 0):
 PSYoungGen      total 126464K, used 126304K [0x0000000795580000, 0x000000079ed00000, 0x00000007c0000000)
  eden space 124928K, 100% used [0x0000000795580000,0x000000079cf80000,0x000000079cf80000)
  from space 1536K, 89% used [0x000000079e100000,0x000000079e258000,0x000000079e280000)
  to   space 7680K, 0% used [0x000000079e580000,0x000000079e580000,0x000000079ed00000)
 ParOldGen       total 87552K, used 29986K [0x0000000740000000, 0x0000000745580000, 0x0000000795580000)
  object space 87552K, 34% used [0x0000000740000000,0x0000000741d489a0,0x0000000745580000)
 Metaspace       used 8061K, capacity 8258K, committed 8448K, reserved 1056768K
  class space    used 873K, capacity 937K, committed 1024K, reserved 1048576K
Event: 96.188 GC heap after
Heap after GC invocations=28 (full 0):
 PSYoungGen      total 121856K, used 1536K [0x0000000795580000, 0x000000079e700000, 0x00000007c0000000)
  eden space 120320K, 0% used [0x0000000795580000,0x0000000795580000,0x000000079cb00000)
  from space 1536K, 100% used [0x000000079e580000,0x000000079e700000,0x000000079e700000)
  to   space 7680K, 0% used [0x000000079d800000,0x000000079d800000,0x000000079df80000)
 ParOldGen       total 87552K, used 30418K [0x0000000740000000, 0x0000000745580000, 0x0000000795580000)
  object space 87552K, 34% used [0x0000000740000000,0x0000000741db49b0,0x0000000745580000)
 Metaspace       used 8061K, capacity 8258K, committed 8448K, reserved 1056768K
  class space    used 873K, capacity 937K, committed 1024K, reserved 1048576K
}
Event: 96.627 GC heap before
{Heap before GC invocations=29 (full 0):
 PSYoungGen      total 121856K, used 121856K [0x0000000795580000, 0x000000079e700000, 0x00000007c0000000)
  eden space 120320K, 100% used [0x0000000795580000,0x000000079cb00000,0x000000079cb00000)
  from space 1536K, 100% used [0x000000079e580000,0x000000079e700000,0x000000079e700000)
  to   space 7680K, 0% used [0x000000079d800000,0x000000079d800000,0x000000079df80000)
 ParOldGen       total 87552K, used 30418K [0x0000000740000000, 0x0000000745580000, 0x0000000795580000)
  object space 87552K, 34% used [0x0000000740000000,0x0000000741db49b0,0x0000000745580000)
 Metaspace       used 8065K, capacity 8258K, committed 8448K, reserved 1056768K
  class space    used 873K, capacity 937K, committed 1024K, reserved 1048576K
Event: 96.634 GC heap after
Heap after GC invocations=29 (full 0):
 PSYoungGen      total 117248K, used 1472K [0x0000000795580000, 0x000000079e600000, 0x00000007c0000000)
  eden space 115712K, 0% used [0x0000000795580000,0x0000000795580000,0x000000079c680000)
  from space 1536K, 95% used [0x000000079d800000,0x000000079d970000,0x000000079d980000)
  to   space 7168K, 0% used [0x000000079df00000,0x000000079df00000,0x000000079e600000)
 ParOldGen       total 87552K, used 30434K [0x0000000740000000, 0x0000000745580000, 0x0000000795580000)
  object space 87552K, 34% used [0x0000000740000000,0x0000000741db89b0,0x0000000745580000)
 Metaspace       used 8065K, capacity 8258K, committed 8448K, reserved 1056768K
  class space    used 873K, capacity 937K, committed 1024K, reserved 1048576K
}

