# JRE version: Java(TM) SE Runtime Environment (8.0_45-b14) (build 1.8.0_45-b14)
# Java VM: Java HotSpot(TM) 64-Bit Server VM (25.45-b02 mixed mode bsd-amd64 compressed oops)
Heap:
 PSYoungGen      total 690176K, used 532917K [0x0000000795580000, 0x00000007c0000000, 0x00000007c0000000)
  eden space 681472K, 76% used [0x0000000795580000,0x00000007b55856b8,0x00000007bef00000)
  from space 8704K, 98% used [0x00000007bef00000,0x00000007bf768000,0x00000007bf780000)
  to   space 8704K, 0% used [0x00000007bf780000,0x00000007bf780000,0x00000007c0000000)
 ParOldGen       total 87552K, used 20503K [0x0000000740000000, 0x0000000745580000, 0x0000000795580000)
  object space 87552K, 23% used [0x0000000740000000,0x0000000741405dd8,0x0000000745580000)
 Metaspace       used 7785K, capacity 7934K, committed 8192K, reserved 1056768K
  class space    used 858K, capacity 933K, committed 1024K, reserved 1048576K
GC Heap History (10 events):
Event: 17.375 GC heap before
{Heap before GC invocations=13 (full 0):
 PSYoungGen      total 348160K, used 345232K [0x0000000795580000, 0x00000007ab180000, 0x00000007c0000000)
  eden space 339968K, 100% used [0x0000000795580000,0x00000007aa180000,0x00000007aa180000)
  from space 8192K, 64% used [0x00000007aa980000,0x00000007aaea4050,0x00000007ab180000)
  to   space 8192K, 0% used [0x00000007aa180000,0x00000007aa180000,0x00000007aa980000)
 ParOldGen       total 87552K, used 11379K [0x0000000740000000, 0x0000000745580000, 0x0000000795580000)
  object space 87552K, 12% used [0x0000000740000000,0x0000000740b1cd38,0x0000000745580000)
 Metaspace       used 7629K, capacity 7800K, committed 7936K, reserved 1056768K
  class space    used 851K, capacity 932K, committed 1024K, reserved 1048576K
Event: 17.380 GC heap after
Heap after GC invocations=13 (full 0):
 PSYoungGen      total 348160K, used 2240K [0x0000000795580000, 0x00000007b7900000, 0x00000007c0000000)
  eden space 339968K, 0% used [0x0000000795580000,0x0000000795580000,0x00000007aa180000)
  from space 8192K, 27% used [0x00000007aa180000,0x00000007aa3b0010,0x00000007aa980000)
  to   space 8192K, 0% used [0x00000007b7100000,0x00000007b7100000,0x00000007b7900000)
 ParOldGen       total 87552K, used 12415K [0x0000000740000000, 0x0000000745580000, 0x0000000795580000)
  object space 87552K, 14% used [0x0000000740000000,0x0000000740c1fd68,0x0000000745580000)
 Metaspace       used 7629K, capacity 7800K, committed 7936K, reserved 1056768K
  class space    used 851K, capacity 932K, committed 1024K, reserved 1048576K
}
Event: 23.150 GC heap before
{Heap before GC invocations=14 (full 0):
 PSYoungGen      total 348160K, used 342208K [0x0000000795580000, 0x00000007b7900000, 0x00000007c0000000)
  eden space 339968K, 100% used [0x0000000795580000,0x00000007aa180000,0x00000007aa180000)
  from space 8192K, 27% used [0x00000007aa180000,0x00000007aa3b0010,0x00000007aa980000)
  to   space 8192K, 0% used [0x00000007b7100000,0x00000007b7100000,0x00000007b7900000)
 ParOldGen       total 87552K, used 12415K [0x0000000740000000, 0x0000000745580000, 0x0000000795580000)
  object space 87552K, 14% used [0x0000000740000000,0x0000000740c1fd68,0x0000000745580000)
 Metaspace       used 7648K, capacity 7806K, committed 7936K, reserved 1056768K
  class space    used 852K, capacity 933K, committed 1024K, reserved 1048576K
Event: 23.162 GC heap after
Heap after GC invocations=14 (full 0):
 PSYoungGen      total 552448K, used 3936K [0x0000000795580000, 0x00000007b7900000, 0x00000007c0000000)
  eden space 544256K, 0% used [0x0000000795580000,0x0000000795580000,0x00000007b6900000)
  from space 8192K, 48% used [0x00000007b7100000,0x00000007b74d8040,0x00000007b7900000)
  to   space 8192K, 0% used [0x00000007b6900000,0x00000007b6900000,0x00000007b7100000)
 ParOldGen       total 87552K, used 12743K [0x0000000740000000, 0x0000000745580000, 0x0000000795580000)
  object space 87552K, 14% used [0x0000000740000000,0x0000000740c71d68,0x0000000745580000)
 Metaspace       used 7648K, capacity 7806K, committed 7936K, reserved 1056768K
  class space    used 852K, capacity 933K, committed 1024K, reserved 1048576K
}
Event: 34.880 GC heap before
{Heap before GC invocations=15 (full 0):
 PSYoungGen      total 552448K, used 548192K [0x0000000795580000, 0x00000007b7900000, 0x00000007c0000000)
  eden space 544256K, 100% used [0x0000000795580000,0x00000007b6900000,0x00000007b6900000)
  from space 8192K, 48% used [0x00000007b7100000,0x00000007b74d8040,0x00000007b7900000)
  to   space 8192K, 0% used [0x00000007b6900000,0x00000007b6900000,0x00000007b7100000)
 ParOldGen       total 87552K, used 12743K [0x0000000740000000, 0x0000000745580000, 0x0000000795580000)
  object space 87552K, 14% used [0x0000000740000000,0x0000000740c71d68,0x0000000745580000)
 Metaspace       used 7684K, capacity 7870K, committed 8192K, reserved 1056768K
  class space    used 852K, capacity 933K, committed 1024K, reserved 1048576K
Event: 34.893 GC heap after
Heap after GC invocations=15 (full 0):
 PSYoungGen      total 552448K, used 4562K [0x0000000795580000, 0x00000007bff00000, 0x00000007c0000000)
  eden space 544256K, 0% used [0x0000000795580000,0x0000000795580000,0x00000007b6900000)
  from space 8192K, 55% used [0x00000007b6900000,0x00000007b6d74820,0x00000007b7100000)
  to   space 7680K, 0% used [0x00000007bf780000,0x00000007bf780000,0x00000007bff00000)
 ParOldGen       total 87552K, used 14559K [0x0000000740000000, 0x0000000745580000, 0x0000000795580000)
  object space 87552K, 16% used [0x0000000740000000,0x0000000740e37d88,0x0000000745580000)
 Metaspace       used 7684K, capacity 7870K, committed 8192K, reserved 1056768K
  class space    used 852K, capacity 933K, committed 1024K, reserved 1048576K
}
Event: 42.701 GC heap before
{Heap before GC invocations=16 (full 0):
 PSYoungGen      total 552448K, used 548818K [0x0000000795580000, 0x00000007bff00000, 0x00000007c0000000)
  eden space 544256K, 100% used [0x0000000795580000,0x00000007b6900000,0x00000007b6900000)
  from space 8192K, 55% used [0x00000007b6900000,0x00000007b6d74820,0x00000007b7100000)
  to   space 7680K, 0% used [0x00000007bf780000,0x00000007bf780000,0x00000007bff00000)
 ParOldGen       total 87552K, used 14559K [0x0000000740000000, 0x0000000745580000, 0x0000000795580000)
  object space 87552K, 16% used [0x0000000740000000,0x0000000740e37d88,0x0000000745580000)
 Metaspace       used 7696K, capacity 7870K, committed 8192K, reserved 1056768K
  class space    used 852K, capacity 933K, committed 1024K, reserved 1048576K
Event: 42.721 GC heap after
Heap after GC invocations=16 (full 0):
 PSYoungGen      total 689152K, used 7424K [0x0000000795580000, 0x00000007c0000000, 0x00000007c0000000)
  eden space 681472K, 0% used [0x0000000795580000,0x0000000795580000,0x00000007bef00000)
  from space 7680K, 96% used [0x00000007bf780000,0x00000007bfec0040,0x00000007bff00000)
  to   space 8704K, 0% used [0x00000007bef00000,0x00000007bef00000,0x00000007bf780000)
 ParOldGen       total 87552K, used 16559K [0x0000000740000000, 0x0000000745580000, 0x0000000795580000)
  object space 87552K, 18% used [0x0000000740000000,0x000000074102bd98,0x0000000745580000)
 Metaspace       used 7696K, capacity 7870K, committed 8192K, reserved 1056768K
  class space    used 852K, capacity 933K, committed 1024K, reserved 1048576K
}
Event: 45.165 GC heap before
{Heap before GC invocations=17 (full 0):
 PSYoungGen      total 689152K, used 688896K [0x0000000795580000, 0x00000007c0000000, 0x00000007c0000000)
  eden space 681472K, 100% used [0x0000000795580000,0x00000007bef00000,0x00000007bef00000)
  from space 7680K, 96% used [0x00000007bf780000,0x00000007bfec0040,0x00000007bff00000)
  to   space 8704K, 0% used [0x00000007bef00000,0x00000007bef00000,0x00000007bf780000)
 ParOldGen       total 87552K, used 16559K [0x0000000740000000, 0x0000000745580000, 0x0000000795580000)
  object space 87552K, 18% used [0x0000000740000000,0x000000074102bd98,0x0000000745580000)
 Metaspace       used 7696K, capacity 7870K, committed 8192K, reserved 1056768K
  class space    used 852K, capacity 933K, committed 1024K, reserved 1048576K
Event: 45.210 GC heap after
Heap after GC invocations=17 (full 0):
 PSYoungGen      total 690176K, used 8608K [0x0000000795580000, 0x00000007c0000000, 0x00000007c0000000)
  eden space 681472K, 0% used [0x0000000795580000,0x0000000795580000,0x00000007bef00000)
  from space 8704K, 98% used [0x00000007bef00000,0x00000007bf768000,0x00000007bf780000)
  to   space 8704K, 0% used [0x00000007bf780000,0x00000007bf780000,0x00000007c0000000)
 ParOldGen       total 87552K, used 20503K [0x0000000740000000, 0x0000000745580000, 0x0000000795580000)
  object space 87552K, 23% used [0x0000000740000000,0x0000000741405dd8,0x0000000745580000)
 Metaspace       used 7696K, capacity 7870K, committed 8192K, reserved 1056768K
  class space    used 852K, capacity 933K, committed 1024K, reserved 1048576K
}

