# JRE version: Java(TM) SE Runtime Environment (8.0_45-b14) (build 1.8.0_45-b14)
# Java VM: Java HotSpot(TM) 64-Bit Server VM (25.45-b02 mixed mode bsd-amd64 compressed oops)
Heap:
 PSYoungGen      total 688640K, used 518692K [0x0000000795580000, 0x00000007c0000000, 0x00000007c0000000)
  eden space 678400K, 75% used [0x0000000795580000,0x00000007b4799080,0x00000007bec00000)
  from space 10240K, 84% used [0x00000007bec00000,0x00000007bf470000,0x00000007bf600000)
  to   space 10240K, 0% used [0x00000007bf600000,0x00000007bf600000,0x00000007c0000000)
 ParOldGen       total 60416K, used 41663K [0x0000000740000000, 0x0000000743b00000, 0x0000000795580000)
  object space 60416K, 68% used [0x0000000740000000,0x00000007428afd98,0x0000000743b00000)
 Metaspace       used 7786K, capacity 7934K, committed 8192K, reserved 1056768K
  class space    used 859K, capacity 933K, committed 1024K, reserved 1048576K
GC Heap History (10 events):
Event: 1103.991 GC heap before
{Heap before GC invocations=646 (full 1):
 PSYoungGen      total 689152K, used 688224K [0x0000000795580000, 0x00000007c0000000, 0x00000007c0000000)
  eden space 679424K, 100% used [0x0000000795580000,0x00000007bed00000,0x00000007bed00000)
  from space 9728K, 90% used [0x00000007bf680000,0x00000007bff18000,0x00000007c0000000)
  to   space 9728K, 0% used [0x00000007bed00000,0x00000007bed00000,0x00000007bf680000)
 ParOldGen       total 60416K, used 37647K [0x0000000740000000, 0x0000000743b00000, 0x0000000795580000)
  object space 60416K, 62% used [0x0000000740000000,0x00000007424c3d48,0x0000000743b00000)
 Metaspace       used 7691K, capacity 7870K, committed 8192K, reserved 1056768K
  class space    used 852K, capacity 933K, committed 1024K, reserved 1048576K
Event: 1104.013 GC heap after
Heap after GC invocations=646 (full 1):
 PSYoungGen      total 689152K, used 8768K [0x0000000795580000, 0x00000007c0000000, 0x00000007c0000000)
  eden space 679424K, 0% used [0x0000000795580000,0x0000000795580000,0x00000007bed00000)
  from space 9728K, 90% used [0x00000007bed00000,0x00000007bf590000,0x00000007bf680000)
  to   space 9728K, 0% used [0x00000007bf680000,0x00000007bf680000,0x00000007c0000000)
 ParOldGen       total 60416K, used 37671K [0x0000000740000000, 0x0000000743b00000, 0x0000000795580000)
  object space 60416K, 62% used [0x0000000740000000,0x00000007424c9d48,0x0000000743b00000)
 Metaspace       used 7691K, capacity 7870K, committed 8192K, reserved 1056768K
  class space    used 852K, capacity 933K, committed 1024K, reserved 1048576K
}
Event: 1106.657 GC heap before
{Heap before GC invocations=647 (full 1):
 PSYoungGen      total 689152K, used 688192K [0x0000000795580000, 0x00000007c0000000, 0x00000007c0000000)
  eden space 679424K, 100% used [0x0000000795580000,0x00000007bed00000,0x00000007bed00000)
  from space 9728K, 90% used [0x00000007bed00000,0x00000007bf590000,0x00000007bf680000)
  to   space 9728K, 0% used [0x00000007bf680000,0x00000007bf680000,0x00000007c0000000)
 ParOldGen       total 60416K, used 37671K [0x0000000740000000, 0x0000000743b00000, 0x0000000795580000)
  object space 60416K, 62% used [0x0000000740000000,0x00000007424c9d48,0x0000000743b00000)
 Metaspace       used 7695K, capacity 7870K, committed 8192K, reserved 1056768K
  class space    used 852K, capacity 933K, committed 1024K, reserved 1048576K
Event: 1106.681 GC heap after
Heap after GC invocations=647 (full 1):
 PSYoungGen      total 689152K, used 8928K [0x0000000795580000, 0x00000007c0000000, 0x00000007c0000000)
  eden space 679424K, 0% used [0x0000000795580000,0x0000000795580000,0x00000007bed00000)
  from space 9728K, 91% used [0x00000007bf680000,0x00000007bff38010,0x00000007c0000000)
  to   space 9728K, 0% used [0x00000007bed00000,0x00000007bed00000,0x00000007bf680000)
 ParOldGen       total 60416K, used 37703K [0x0000000740000000, 0x0000000743b00000, 0x0000000795580000)
  object space 60416K, 62% used [0x0000000740000000,0x00000007424d1d48,0x0000000743b00000)
 Metaspace       used 7695K, capacity 7870K, committed 8192K, reserved 1056768K
  class space    used 852K, capacity 933K, committed 1024K, reserved 1048576K
}
Event: 1108.340 GC heap before
{Heap before GC invocations=648 (full 1):
 PSYoungGen      total 689152K, used 688352K [0x0000000795580000, 0x00000007c0000000, 0x00000007c0000000)
  eden space 679424K, 100% used [0x0000000795580000,0x00000007bed00000,0x00000007bed00000)
  from space 9728K, 91% used [0x00000007bf680000,0x00000007bff38010,0x00000007c0000000)
  to   space 9728K, 0% used [0x00000007bed00000,0x00000007bed00000,0x00000007bf680000)
 ParOldGen       total 60416K, used 37703K [0x0000000740000000, 0x0000000743b00000, 0x0000000795580000)
  object space 60416K, 62% used [0x0000000740000000,0x00000007424d1d48,0x0000000743b00000)
 Metaspace       used 7695K, capacity 7870K, committed 8192K, reserved 1056768K
  class space    used 852K, capacity 933K, committed 1024K, reserved 1048576K
Event: 1108.362 GC heap after
Heap after GC invocations=648 (full 1):
 PSYoungGen      total 689152K, used 9088K [0x0000000795580000, 0x00000007c0000000, 0x00000007c0000000)
  eden space 679424K, 0% used [0x0000000795580000,0x0000000795580000,0x00000007bed00000)
  from space 9728K, 93% used [0x00000007bed00000,0x00000007bf5e0010,0x00000007bf680000)
  to   space 9728K, 0% used [0x00000007bf680000,0x00000007bf680000,0x00000007c0000000)
 ParOldGen       total 60416K, used 37783K [0x0000000740000000, 0x0000000743b00000, 0x0000000795580000)
  object space 60416K, 62% used [0x0000000740000000,0x00000007424e5d78,0x0000000743b00000)
 Metaspace       used 7695K, capacity 7870K, committed 8192K, reserved 1056768K
  class space    used 852K, capacity 933K, committed 1024K, reserved 1048576K
}
Event: 1113.034 GC heap before
{Heap before GC invocations=649 (full 1):
 PSYoungGen      total 689152K, used 688512K [0x0000000795580000, 0x00000007c0000000, 0x00000007c0000000)
  eden space 679424K, 100% used [0x0000000795580000,0x00000007bed00000,0x00000007bed00000)
  from space 9728K, 93% used [0x00000007bed00000,0x00000007bf5e0010,0x00000007bf680000)
  to   space 9728K, 0% used [0x00000007bf680000,0x00000007bf680000,0x00000007c0000000)
 ParOldGen       total 60416K, used 37783K [0x0000000740000000, 0x0000000743b00000, 0x0000000795580000)
  object space 60416K, 62% used [0x0000000740000000,0x00000007424e5d78,0x0000000743b00000)
 Metaspace       used 7697K, capacity 7870K, committed 8192K, reserved 1056768K
  class space    used 852K, capacity 933K, committed 1024K, reserved 1048576K
Event: 1113.059 GC heap after
Heap after GC invocations=649 (full 1):
 PSYoungGen      total 688128K, used 9696K [0x0000000795580000, 0x00000007c0000000, 0x00000007c0000000)
  eden space 678400K, 0% used [0x0000000795580000,0x0000000795580000,0x00000007bec00000)
  from space 9728K, 99% used [0x00000007bf680000,0x00000007bfff8020,0x00000007c0000000)
  to   space 10240K, 0% used [0x00000007bec00000,0x00000007bec00000,0x00000007bf600000)
 ParOldGen       total 60416K, used 39071K [0x0000000740000000, 0x0000000743b00000, 0x0000000795580000)
  object space 60416K, 64% used [0x0000000740000000,0x0000000742627d78,0x0000000743b00000)
 Metaspace       used 7697K, capacity 7870K, committed 8192K, reserved 1056768K
  class space    used 852K, capacity 933K, committed 1024K, reserved 1048576K
}
Event: 1115.274 GC heap before
{Heap before GC invocations=650 (full 1):
 PSYoungGen      total 688128K, used 688096K [0x0000000795580000, 0x00000007c0000000, 0x00000007c0000000)
  eden space 678400K, 100% used [0x0000000795580000,0x00000007bec00000,0x00000007bec00000)
  from space 9728K, 99% used [0x00000007bf680000,0x00000007bfff8020,0x00000007c0000000)
  to   space 10240K, 0% used [0x00000007bec00000,0x00000007bec00000,0x00000007bf600000)
 ParOldGen       total 60416K, used 39071K [0x0000000740000000, 0x0000000743b00000, 0x0000000795580000)
  object space 60416K, 64% used [0x0000000740000000,0x0000000742627d78,0x0000000743b00000)
 Metaspace       used 7697K, capacity 7870K, committed 8192K, reserved 1056768K
  class space    used 852K, capacity 933K, committed 1024K, reserved 1048576K
Event: 1115.299 GC heap after
Heap after GC invocations=650 (full 1):
 PSYoungGen      total 688640K, used 8640K [0x0000000795580000, 0x00000007c0000000, 0x00000007c0000000)
  eden space 678400K, 0% used [0x0000000795580000,0x0000000795580000,0x00000007bec00000)
  from space 10240K, 84% used [0x00000007bec00000,0x00000007bf470000,0x00000007bf600000)
  to   space 10240K, 0% used [0x00000007bf600000,0x00000007bf600000,0x00000007c0000000)
 ParOldGen       total 60416K, used 41663K [0x0000000740000000, 0x0000000743b00000, 0x0000000795580000)
  object space 60416K, 68% used [0x0000000740000000,0x00000007428afd98,0x0000000743b00000)
 Metaspace       used 7697K, capacity 7870K, committed 8192K, reserved 1056768K
  class space    used 852K, capacity 933K, committed 1024K, reserved 1048576K
}

