# JRE version: Java(TM) SE Runtime Environment (8.0_45-b14) (build 1.8.0_45-b14)
# Java VM: Java HotSpot(TM) 64-Bit Server VM (25.45-b02 mixed mode bsd-amd64 compressed oops)
Heap:
 PSYoungGen      total 134144K, used 113529K [0x0000000795580000, 0x00000007a3b00000, 0x00000007c0000000)
  eden space 90624K, 77% used [0x0000000795580000,0x00000007999e27a8,0x000000079ae00000)
  from space 43520K, 99% used [0x000000079ae00000,0x000000079d87bda8,0x000000079d880000)
  to   space 55296K, 0% used [0x00000007a0500000,0x00000007a0500000,0x00000007a3b00000)
 ParOldGen       total 118272K, used 48426K [0x0000000740000000, 0x0000000747380000, 0x0000000795580000)
  object space 118272K, 40% used [0x0000000740000000,0x0000000742f4a800,0x0000000747380000)
 Metaspace       used 5306K, capacity 5502K, committed 5632K, reserved 1056768K
  class space    used 565K, capacity 647K, committed 768K, reserved 1048576K
GC Heap History (10 events):
Event: 5.113 GC heap before
{Heap before GC invocations=6 (full 1):
 PSYoungGen      total 38400K, used 5091K [0x0000000795580000, 0x000000079e880000, 0x00000007c0000000)
  eden space 33280K, 0% used [0x0000000795580000,0x0000000795580000,0x0000000797600000)
  from space 5120K, 99% used [0x0000000797600000,0x0000000797af8cb8,0x0000000797b00000)
  to   space 41984K, 0% used [0x000000079bf80000,0x000000079bf80000,0x000000079e880000)
 ParOldGen       total 87552K, used 58587K [0x0000000740000000, 0x0000000745580000, 0x0000000795580000)
  object space 87552K, 66% used [0x0000000740000000,0x0000000743936c68,0x0000000745580000)
 Metaspace       used 4524K, capacity 4882K, committed 4992K, reserved 1056768K
  class space    used 488K, capacity 569K, committed 640K, reserved 1048576K
Event: 5.237 GC heap after
Heap after GC invocations=6 (full 1):
 PSYoungGen      total 38400K, used 0K [0x0000000795580000, 0x000000079e880000, 0x00000007c0000000)
  eden space 33280K, 0% used [0x0000000795580000,0x0000000795580000,0x0000000797600000)
  from space 5120K, 0% used [0x0000000797600000,0x0000000797600000,0x0000000797b00000)
  to   space 41984K, 0% used [0x000000079bf80000,0x000000079bf80000,0x000000079e880000)
 ParOldGen       total 118272K, used 39767K [0x0000000740000000, 0x0000000747380000, 0x0000000795580000)
  object space 118272K, 33% used [0x0000000740000000,0x00000007426d5c10,0x0000000747380000)
 Metaspace       used 4524K, capacity 4882K, committed 4992K, reserved 1056768K
  class space    used 488K, capacity 569K, committed 640K, reserved 1048576K
}
Event: 5.277 GC heap before
{Heap before GC invocations=7 (full 1):
 PSYoungGen      total 38400K, used 33280K [0x0000000795580000, 0x000000079e880000, 0x00000007c0000000)
  eden space 33280K, 100% used [0x0000000795580000,0x0000000797600000,0x0000000797600000)
  from space 5120K, 0% used [0x0000000797600000,0x0000000797600000,0x0000000797b00000)
  to   space 41984K, 0% used [0x000000079bf80000,0x000000079bf80000,0x000000079e880000)
 ParOldGen       total 118272K, used 39767K [0x0000000740000000, 0x0000000747380000, 0x0000000795580000)
  object space 118272K, 33% used [0x0000000740000000,0x00000007426d5c10,0x0000000747380000)
 Metaspace       used 4532K, capacity 4882K, committed 4992K, reserved 1056768K
  class space    used 488K, capacity 569K, committed 640K, reserved 1048576K
Event: 5.283 GC heap after
Heap after GC invocations=7 (full 1):
 PSYoungGen      total 84992K, used 5856K [0x0000000795580000, 0x000000079db00000, 0x00000007c0000000)
  eden space 56832K, 0% used [0x0000000795580000,0x0000000795580000,0x0000000798d00000)
  from space 28160K, 20% used [0x000000079bf80000,0x000000079c538020,0x000000079db00000)
  to   space 39936K, 0% used [0x0000000798d00000,0x0000000798d00000,0x000000079b400000)
 ParOldGen       total 118272K, used 39767K [0x0000000740000000, 0x0000000747380000, 0x0000000795580000)
  object space 118272K, 33% used [0x0000000740000000,0x00000007426d5c10,0x0000000747380000)
 Metaspace       used 4532K, capacity 4882K, committed 4992K, reserved 1056768K
  class space    used 488K, capacity 569K, committed 640K, reserved 1048576K
}
Event: 5.570 GC heap before
{Heap before GC invocations=8 (full 1):
 PSYoungGen      total 84992K, used 62688K [0x0000000795580000, 0x000000079db00000, 0x00000007c0000000)
  eden space 56832K, 100% used [0x0000000795580000,0x0000000798d00000,0x0000000798d00000)
  from space 28160K, 20% used [0x000000079bf80000,0x000000079c538020,0x000000079db00000)
  to   space 39936K, 0% used [0x0000000798d00000,0x0000000798d00000,0x000000079b400000)
 ParOldGen       total 118272K, used 39767K [0x0000000740000000, 0x0000000747380000, 0x0000000795580000)
  object space 118272K, 33% used [0x0000000740000000,0x00000007426d5c10,0x0000000747380000)
 Metaspace       used 5245K, capacity 5438K, committed 5632K, reserved 1056768K
  class space    used 560K, capacity 647K, committed 768K, reserved 1048576K
Event: 5.588 GC heap after
Heap after GC invocations=8 (full 1):
 PSYoungGen      total 96768K, used 9827K [0x0000000795580000, 0x000000079fc80000, 0x00000007c0000000)
  eden space 56832K, 0% used [0x0000000795580000,0x0000000795580000,0x0000000798d00000)
  from space 39936K, 24% used [0x0000000798d00000,0x0000000799698cb8,0x000000079b400000)
  to   space 36864K, 0% used [0x000000079d880000,0x000000079d880000,0x000000079fc80000)
 ParOldGen       total 118272K, used 39775K [0x0000000740000000, 0x0000000747380000, 0x0000000795580000)
  object space 118272K, 33% used [0x0000000740000000,0x00000007426d7c10,0x0000000747380000)
 Metaspace       used 5245K, capacity 5438K, committed 5632K, reserved 1056768K
  class space    used 560K, capacity 647K, committed 768K, reserved 1048576K
}
Event: 33.434 GC heap before
{Heap before GC invocations=9 (full 1):
 PSYoungGen      total 96768K, used 66005K [0x0000000795580000, 0x000000079fc80000, 0x00000007c0000000)
  eden space 56832K, 98% used [0x0000000795580000,0x0000000798c5caf0,0x0000000798d00000)
  from space 39936K, 24% used [0x0000000798d00000,0x0000000799698cb8,0x000000079b400000)
  to   space 36864K, 0% used [0x000000079d880000,0x000000079d880000,0x000000079fc80000)
 ParOldGen       total 118272K, used 39775K [0x0000000740000000, 0x0000000747380000, 0x0000000795580000)
  object space 118272K, 33% used [0x0000000740000000,0x00000007426d7c10,0x0000000747380000)
 Metaspace       used 5305K, capacity 5502K, committed 5632K, reserved 1056768K
  class space    used 565K, capacity 647K, committed 768K, reserved 1048576K
Event: 33.538 GC heap after
Heap after GC invocations=9 (full 1):
 PSYoungGen      total 127488K, used 34095K [0x0000000795580000, 0x00000007a0600000, 0x00000007c0000000)
  eden space 90624K, 0% used [0x0000000795580000,0x0000000795580000,0x000000079ae00000)
  from space 36864K, 92% used [0x000000079d880000,0x000000079f9cbf60,0x000000079fc80000)
  to   space 43520K, 0% used [0x000000079ae00000,0x000000079ae00000,0x000000079d880000)
 ParOldGen       total 118272K, used 39775K [0x0000000740000000, 0x0000000747380000, 0x0000000795580000)
  object space 118272K, 33% used [0x0000000740000000,0x00000007426d7c10,0x0000000747380000)
 Metaspace       used 5305K, capacity 5502K, committed 5632K, reserved 1056768K
  class space    used 565K, capacity 647K, committed 768K, reserved 1048576K
}
Event: 66.438 GC heap before
{Heap before GC invocations=10 (full 1):
 PSYoungGen      total 127488K, used 124719K [0x0000000795580000, 0x00000007a0600000, 0x00000007c0000000)
  eden space 90624K, 100% used [0x0000000795580000,0x000000079ae00000,0x000000079ae00000)
  from space 36864K, 92% used [0x000000079d880000,0x000000079f9cbf60,0x000000079fc80000)
  to   space 43520K, 0% used [0x000000079ae00000,0x000000079ae00000,0x000000079d880000)
 ParOldGen       total 118272K, used 39775K [0x0000000740000000, 0x0000000747380000, 0x0000000795580000)
  object space 118272K, 33% used [0x0000000740000000,0x00000007426d7c10,0x0000000747380000)
 Metaspace       used 5305K, capacity 5502K, committed 5632K, reserved 1056768K
  class space    used 565K, capacity 647K, committed 768K, reserved 1048576K
Event: 66.993 GC heap after
Heap after GC invocations=10 (full 1):
 PSYoungGen      total 134144K, used 43503K [0x0000000795580000, 0x00000007a3b00000, 0x00000007c0000000)
  eden space 90624K, 0% used [0x0000000795580000,0x0000000795580000,0x000000079ae00000)
  from space 43520K, 99% used [0x000000079ae00000,0x000000079d87bda8,0x000000079d880000)
  to   space 55296K, 0% used [0x00000007a0500000,0x00000007a0500000,0x00000007a3b00000)
 ParOldGen       total 118272K, used 48426K [0x0000000740000000, 0x0000000747380000, 0x0000000795580000)
  object space 118272K, 40% used [0x0000000740000000,0x0000000742f4a800,0x0000000747380000)
 Metaspace       used 5305K, capacity 5502K, committed 5632K, reserved 1056768K
  class space    used 565K, capacity 647K, committed 768K, reserved 1048576K
}

