# JRE version: Java(TM) SE Runtime Environment (8.0_45-b14) (build 1.8.0_45-b14)
# Java VM: Java HotSpot(TM) 64-Bit Server VM (25.45-b02 mixed mode bsd-amd64 compressed oops)
Heap:
 PSYoungGen      total 280064K, used 65386K [0x0000000795580000, 0x00000007ad680000, 0x00000007c0000000)
  eden space 258560K, 25% used [0x0000000795580000,0x000000079955a850,0x00000007a5200000)
  from space 21504K, 0% used [0x00000007a5200000,0x00000007a5200000,0x00000007a6700000)
  to   space 44544K, 0% used [0x00000007aab00000,0x00000007aab00000,0x00000007ad680000)
 ParOldGen       total 226304K, used 141009K [0x0000000740000000, 0x000000074dd00000, 0x0000000795580000)
  object space 226304K, 62% used [0x0000000740000000,0x00000007489b4440,0x000000074dd00000)
 Metaspace       used 7639K, capacity 7836K, committed 8064K, reserved 1056768K
  class space    used 772K, capacity 854K, committed 896K, reserved 1048576K
GC Heap History (10 events):
Event: 569.578 GC heap before
{Heap before GC invocations=397 (full 4):
 PSYoungGen      total 238592K, used 237952K [0x0000000795580000, 0x00000007a4280000, 0x00000007c0000000)
  eden space 235520K, 100% used [0x0000000795580000,0x00000007a3b80000,0x00000007a3b80000)
  from space 3072K, 79% used [0x00000007a3f00000,0x00000007a4160000,0x00000007a4200000)
  to   space 3584K, 0% used [0x00000007a3b80000,0x00000007a3b80000,0x00000007a3f00000)
 ParOldGen       total 103424K, used 80923K [0x0000000740000000, 0x0000000746500000, 0x0000000795580000)
  object space 103424K, 78% used [0x0000000740000000,0x0000000744f06f18,0x0000000746500000)
 Metaspace       used 7002K, capacity 7216K, committed 7552K, reserved 1056768K
  class space    used 709K, capacity 776K, committed 896K, reserved 1048576K
Event: 569.589 GC heap after
Heap after GC invocations=397 (full 4):
 PSYoungGen      total 239104K, used 2752K [0x0000000795580000, 0x00000007a6a80000, 0x00000007c0000000)
  eden space 235520K, 0% used [0x0000000795580000,0x0000000795580000,0x00000007a3b80000)
  from space 3584K, 76% used [0x00000007a3b80000,0x00000007a3e30000,0x00000007a3f00000)
  to   space 3584K, 0% used [0x00000007a6700000,0x00000007a6700000,0x00000007a6a80000)
 ParOldGen       total 103424K, used 80939K [0x0000000740000000, 0x0000000746500000, 0x0000000795580000)
  object space 103424K, 78% used [0x0000000740000000,0x0000000744f0af18,0x0000000746500000)
 Metaspace       used 7002K, capacity 7216K, committed 7552K, reserved 1056768K
  class space    used 709K, capacity 776K, committed 896K, reserved 1048576K
}
Event: 571.025 GC heap before
{Heap before GC invocations=398 (full 4):
 PSYoungGen      total 239104K, used 238272K [0x0000000795580000, 0x00000007a6a80000, 0x00000007c0000000)
  eden space 235520K, 100% used [0x0000000795580000,0x00000007a3b80000,0x00000007a3b80000)
  from space 3584K, 76% used [0x00000007a3b80000,0x00000007a3e30000,0x00000007a3f00000)
  to   space 3584K, 0% used [0x00000007a6700000,0x00000007a6700000,0x00000007a6a80000)
 ParOldGen       total 103424K, used 80939K [0x0000000740000000, 0x0000000746500000, 0x0000000795580000)
  object space 103424K, 78% used [0x0000000740000000,0x0000000744f0af18,0x0000000746500000)
 Metaspace       used 7039K, capacity 7248K, committed 7552K, reserved 1056768K
  class space    used 712K, capacity 808K, committed 896K, reserved 1048576K
Event: 571.131 GC heap after
Heap after GC invocations=398 (full 4):
 PSYoungGen      total 262144K, used 3555K [0x0000000795580000, 0x00000007a9000000, 0x00000007c0000000)
  eden space 258560K, 0% used [0x0000000795580000,0x0000000795580000,0x00000007a5200000)
  from space 3584K, 99% used [0x00000007a6700000,0x00000007a6a78ca8,0x00000007a6a80000)
  to   space 21504K, 0% used [0x00000007a5200000,0x00000007a5200000,0x00000007a6700000)
 ParOldGen       total 127488K, used 127273K [0x0000000740000000, 0x0000000747c80000, 0x0000000795580000)
  object space 127488K, 99% used [0x0000000740000000,0x0000000747c4a608,0x0000000747c80000)
 Metaspace       used 7039K, capacity 7248K, committed 7552K, reserved 1056768K
  class space    used 712K, capacity 808K, committed 896K, reserved 1048576K
}
Event: 571.131 GC heap before
{Heap before GC invocations=399 (full 5):
 PSYoungGen      total 262144K, used 3555K [0x0000000795580000, 0x00000007a9000000, 0x00000007c0000000)
  eden space 258560K, 0% used [0x0000000795580000,0x0000000795580000,0x00000007a5200000)
  from space 3584K, 99% used [0x00000007a6700000,0x00000007a6a78ca8,0x00000007a6a80000)
  to   space 21504K, 0% used [0x00000007a5200000,0x00000007a5200000,0x00000007a6700000)
 ParOldGen       total 127488K, used 127273K [0x0000000740000000, 0x0000000747c80000, 0x0000000795580000)
  object space 127488K, 99% used [0x0000000740000000,0x0000000747c4a608,0x0000000747c80000)
 Metaspace       used 7039K, capacity 7248K, committed 7552K, reserved 1056768K
  class space    used 712K, capacity 808K, committed 896K, reserved 1048576K
Event: 571.474 GC heap after
Heap after GC invocations=399 (full 5):
 PSYoungGen      total 262144K, used 0K [0x0000000795580000, 0x00000007a9000000, 0x00000007c0000000)
  eden space 258560K, 0% used [0x0000000795580000,0x0000000795580000,0x00000007a5200000)
  from space 3584K, 0% used [0x00000007a6700000,0x00000007a6700000,0x00000007a6a80000)
  to   space 21504K, 0% used [0x00000007a5200000,0x00000007a5200000,0x00000007a6700000)
 ParOldGen       total 171520K, used 105306K [0x0000000740000000, 0x000000074a780000, 0x0000000795580000)
  object space 171520K, 61% used [0x0000000740000000,0x00000007466d6b08,0x000000074a780000)
 Metaspace       used 7039K, capacity 7248K, committed 7552K, reserved 1056768K
  class space    used 712K, capacity 808K, committed 896K, reserved 1048576K
}
Event: 610.224 GC heap before
{Heap before GC invocations=400 (full 5):
 PSYoungGen      total 262144K, used 258560K [0x0000000795580000, 0x00000007a9000000, 0x00000007c0000000)
  eden space 258560K, 100% used [0x0000000795580000,0x00000007a5200000,0x00000007a5200000)
  from space 3584K, 0% used [0x00000007a6700000,0x00000007a6700000,0x00000007a6a80000)
  to   space 21504K, 0% used [0x00000007a5200000,0x00000007a5200000,0x00000007a6700000)
 ParOldGen       total 171520K, used 105306K [0x0000000740000000, 0x000000074a780000, 0x0000000795580000)
  object space 171520K, 61% used [0x0000000740000000,0x00000007466d6b08,0x000000074a780000)
 Metaspace       used 7639K, capacity 7836K, committed 8064K, reserved 1056768K
  class space    used 772K, capacity 854K, committed 896K, reserved 1048576K
Event: 610.347 GC heap after
Heap after GC invocations=400 (full 5):
 PSYoungGen      total 280064K, used 21478K [0x0000000795580000, 0x00000007ad680000, 0x00000007c0000000)
  eden space 258560K, 0% used [0x0000000795580000,0x0000000795580000,0x00000007a5200000)
  from space 21504K, 99% used [0x00000007a5200000,0x00000007a66f9960,0x00000007a6700000)
  to   space 44544K, 0% used [0x00000007aab00000,0x00000007aab00000,0x00000007ad680000)
 ParOldGen       total 171520K, used 157193K [0x0000000740000000, 0x000000074a780000, 0x0000000795580000)
  object space 171520K, 91% used [0x0000000740000000,0x00000007499827e8,0x000000074a780000)
 Metaspace       used 7639K, capacity 7836K, committed 8064K, reserved 1056768K
  class space    used 772K, capacity 854K, committed 896K, reserved 1048576K
}
Event: 610.348 GC heap before
{Heap before GC invocations=401 (full 6):
 PSYoungGen      total 280064K, used 21478K [0x0000000795580000, 0x00000007ad680000, 0x00000007c0000000)
  eden space 258560K, 0% used [0x0000000795580000,0x0000000795580000,0x00000007a5200000)
  from space 21504K, 99% used [0x00000007a5200000,0x00000007a66f9960,0x00000007a6700000)
  to   space 44544K, 0% used [0x00000007aab00000,0x00000007aab00000,0x00000007ad680000)
 ParOldGen       total 171520K, used 157193K [0x0000000740000000, 0x000000074a780000, 0x0000000795580000)
  object space 171520K, 91% used [0x0000000740000000,0x00000007499827e8,0x000000074a780000)
 Metaspace       used 7639K, capacity 7836K, committed 8064K, reserved 1056768K
  class space    used 772K, capacity 854K, committed 896K, reserved 1048576K
Event: 610.614 GC heap after
Heap after GC invocations=401 (full 6):
 PSYoungGen      total 280064K, used 0K [0x0000000795580000, 0x00000007ad680000, 0x00000007c0000000)
  eden space 258560K, 0% used [0x0000000795580000,0x0000000795580000,0x00000007a5200000)
  from space 21504K, 0% used [0x00000007a5200000,0x00000007a5200000,0x00000007a6700000)
  to   space 44544K, 0% used [0x00000007aab00000,0x00000007aab00000,0x00000007ad680000)
 ParOldGen       total 226304K, used 141009K [0x0000000740000000, 0x000000074dd00000, 0x0000000795580000)
  object space 226304K, 62% used [0x0000000740000000,0x00000007489b4440,0x000000074dd00000)
 Metaspace       used 7639K, capacity 7836K, committed 8064K, reserved 1056768K
  class space    used 772K, capacity 854K, committed 896K, reserved 1048576K
}

