# JRE version: Java(TM) SE Runtime Environment (8.0_45-b14) (build 1.8.0_45-b14)
# Java VM: Java HotSpot(TM) 64-Bit Server VM (25.45-b02 mixed mode bsd-amd64 compressed oops)
Heap:
 PSYoungGen      total 679424K, used 138791K [0x0000000795580000, 0x00000007c0000000, 0x00000007c0000000)
  eden space 676352K, 20% used [0x0000000795580000,0x000000079dd09cb0,0x00000007bea00000)
  from space 3072K, 0% used [0x00000007bf400000,0x00000007bf400000,0x00000007bf700000)
  to   space 10240K, 0% used [0x00000007bea00000,0x00000007bea00000,0x00000007bf400000)
 ParOldGen       total 64512K, used 25727K [0x0000000740000000, 0x0000000743f00000, 0x0000000795580000)
  object space 64512K, 39% used [0x0000000740000000,0x000000074191ff48,0x0000000743f00000)
 Metaspace       used 7780K, capacity 7934K, committed 8192K, reserved 1056768K
  class space    used 859K, capacity 933K, committed 1024K, reserved 1048576K
GC Heap History (10 events):
Event: 1328.138 GC heap before
{Heap before GC invocations=650 (full 1):
 PSYoungGen      total 689152K, used 688448K [0x0000000795580000, 0x00000007c0000000, 0x00000007c0000000)
  eden space 679424K, 100% used [0x0000000795580000,0x00000007bed00000,0x00000007bed00000)
  from space 9728K, 92% used [0x00000007bf680000,0x00000007bff50010,0x00000007c0000000)
  to   space 9728K, 0% used [0x00000007bed00000,0x00000007bed00000,0x00000007bf680000)
 ParOldGen       total 57856K, used 51871K [0x0000000740000000, 0x0000000743880000, 0x0000000795580000)
  object space 57856K, 89% used [0x0000000740000000,0x00000007432a7c68,0x0000000743880000)
 Metaspace       used 7690K, capacity 7870K, committed 8192K, reserved 1056768K
  class space    used 852K, capacity 933K, committed 1024K, reserved 1048576K
Event: 1328.171 GC heap after
Heap after GC invocations=650 (full 1):
 PSYoungGen      total 689152K, used 8960K [0x0000000795580000, 0x00000007c0000000, 0x00000007c0000000)
  eden space 679424K, 0% used [0x0000000795580000,0x0000000795580000,0x00000007bed00000)
  from space 9728K, 92% used [0x00000007bed00000,0x00000007bf5c0010,0x00000007bf680000)
  to   space 9728K, 0% used [0x00000007bf680000,0x00000007bf680000,0x00000007c0000000)
 ParOldGen       total 57856K, used 51927K [0x0000000740000000, 0x0000000743880000, 0x0000000795580000)
  object space 57856K, 89% used [0x0000000740000000,0x00000007432b5c98,0x0000000743880000)
 Metaspace       used 7690K, capacity 7870K, committed 8192K, reserved 1056768K
  class space    used 852K, capacity 933K, committed 1024K, reserved 1048576K
}
Event: 1336.052 GC heap before
{Heap before GC invocations=651 (full 1):
 PSYoungGen      total 689152K, used 688384K [0x0000000795580000, 0x00000007c0000000, 0x00000007c0000000)
  eden space 679424K, 100% used [0x0000000795580000,0x00000007bed00000,0x00000007bed00000)
  from space 9728K, 92% used [0x00000007bed00000,0x00000007bf5c0010,0x00000007bf680000)
  to   space 9728K, 0% used [0x00000007bf680000,0x00000007bf680000,0x00000007c0000000)
 ParOldGen       total 57856K, used 51927K [0x0000000740000000, 0x0000000743880000, 0x0000000795580000)
  object space 57856K, 89% used [0x0000000740000000,0x00000007432b5c98,0x0000000743880000)
 Metaspace       used 7692K, capacity 7870K, committed 8192K, reserved 1056768K
  class space    used 852K, capacity 933K, committed 1024K, reserved 1048576K
Event: 1336.096 GC heap after
Heap after GC invocations=651 (full 1):
 PSYoungGen      total 656896K, used 9696K [0x0000000795580000, 0x00000007c0000000, 0x00000007c0000000)
  eden space 647168K, 0% used [0x0000000795580000,0x0000000795580000,0x00000007bcd80000)
  from space 9728K, 99% used [0x00000007bf680000,0x00000007bfff8020,0x00000007c0000000)
  to   space 10240K, 0% used [0x00000007bec00000,0x00000007bec00000,0x00000007bf600000)
 ParOldGen       total 57856K, used 53279K [0x0000000740000000, 0x0000000743880000, 0x0000000795580000)
  object space 57856K, 92% used [0x0000000740000000,0x0000000743407c98,0x0000000743880000)
 Metaspace       used 7692K, capacity 7870K, committed 8192K, reserved 1056768K
  class space    used 852K, capacity 933K, committed 1024K, reserved 1048576K
}
Event: 1339.447 GC heap before
{Heap before GC invocations=652 (full 1):
 PSYoungGen      total 656896K, used 656864K [0x0000000795580000, 0x00000007c0000000, 0x00000007c0000000)
  eden space 647168K, 100% used [0x0000000795580000,0x00000007bcd80000,0x00000007bcd80000)
  from space 9728K, 99% used [0x00000007bf680000,0x00000007bfff8020,0x00000007c0000000)
  to   space 10240K, 0% used [0x00000007bec00000,0x00000007bec00000,0x00000007bf600000)
 ParOldGen       total 57856K, used 53279K [0x0000000740000000, 0x0000000743880000, 0x0000000795580000)
  object space 57856K, 92% used [0x0000000740000000,0x0000000743407c98,0x0000000743880000)
 Metaspace       used 7692K, capacity 7870K, committed 8192K, reserved 1056768K
  class space    used 852K, capacity 933K, committed 1024K, reserved 1048576K
Event: 1339.484 GC heap after
Heap after GC invocations=652 (full 1):
 PSYoungGen      total 624640K, used 8192K [0x0000000795580000, 0x00000007bf700000, 0x00000007c0000000)
  eden space 616448K, 0% used [0x0000000795580000,0x0000000795580000,0x00000007baf80000)
  from space 8192K, 100% used [0x00000007bec00000,0x00000007bf400000,0x00000007bf400000)
  to   space 3072K, 0% used [0x00000007bf400000,0x00000007bf400000,0x00000007bf700000)
 ParOldGen       total 57856K, used 55887K [0x0000000740000000, 0x0000000743880000, 0x0000000795580000)
  object space 57856K, 96% used [0x0000000740000000,0x0000000743693cb8,0x0000000743880000)
 Metaspace       used 7692K, capacity 7870K, committed 8192K, reserved 1056768K
  class space    used 852K, capacity 933K, committed 1024K, reserved 1048576K
}
Event: 1341.945 GC heap before
{Heap before GC invocations=653 (full 1):
 PSYoungGen      total 624640K, used 624640K [0x0000000795580000, 0x00000007bf700000, 0x00000007c0000000)
  eden space 616448K, 100% used [0x0000000795580000,0x00000007baf80000,0x00000007baf80000)
  from space 8192K, 100% used [0x00000007bec00000,0x00000007bf400000,0x00000007bf400000)
  to   space 3072K, 0% used [0x00000007bf400000,0x00000007bf400000,0x00000007bf700000)
 ParOldGen       total 57856K, used 55887K [0x0000000740000000, 0x0000000743880000, 0x0000000795580000)
  object space 57856K, 96% used [0x0000000740000000,0x0000000743693cb8,0x0000000743880000)
 Metaspace       used 7692K, capacity 7870K, committed 8192K, reserved 1056768K
  class space    used 852K, capacity 933K, committed 1024K, reserved 1048576K
Event: 1341.987 GC heap after
Heap after GC invocations=653 (full 1):
 PSYoungGen      total 679424K, used 3072K [0x0000000795580000, 0x00000007c0000000, 0x00000007c0000000)
  eden space 676352K, 0% used [0x0000000795580000,0x0000000795580000,0x00000007bea00000)
  from space 3072K, 100% used [0x00000007bf400000,0x00000007bf700000,0x00000007bf700000)
  to   space 10240K, 0% used [0x00000007bea00000,0x00000007bea00000,0x00000007bf400000)
 ParOldGen       total 60928K, used 60831K [0x0000000740000000, 0x0000000743b80000, 0x0000000795580000)
  object space 60928K, 99% used [0x0000000740000000,0x0000000743b67cb8,0x0000000743b80000)
 Metaspace       used 7692K, capacity 7870K, committed 8192K, reserved 1056768K
  class space    used 852K, capacity 933K, committed 1024K, reserved 1048576K
}
Event: 1341.987 GC heap before
{Heap before GC invocations=654 (full 2):
 PSYoungGen      total 679424K, used 3072K [0x0000000795580000, 0x00000007c0000000, 0x00000007c0000000)
  eden space 676352K, 0% used [0x0000000795580000,0x0000000795580000,0x00000007bea00000)
  from space 3072K, 100% used [0x00000007bf400000,0x00000007bf700000,0x00000007bf700000)
  to   space 10240K, 0% used [0x00000007bea00000,0x00000007bea00000,0x00000007bf400000)
 ParOldGen       total 60928K, used 60831K [0x0000000740000000, 0x0000000743b80000, 0x0000000795580000)
  object space 60928K, 99% used [0x0000000740000000,0x0000000743b67cb8,0x0000000743b80000)
 Metaspace       used 7692K, capacity 7870K, committed 8192K, reserved 1056768K
  class space    used 852K, capacity 933K, committed 1024K, reserved 1048576K
Event: 1342.108 GC heap after
Heap after GC invocations=654 (full 2):
 PSYoungGen      total 679424K, used 0K [0x0000000795580000, 0x00000007c0000000, 0x00000007c0000000)
  eden space 676352K, 0% used [0x0000000795580000,0x0000000795580000,0x00000007bea00000)
  from space 3072K, 0% used [0x00000007bf400000,0x00000007bf400000,0x00000007bf700000)
  to   space 10240K, 0% used [0x00000007bea00000,0x00000007bea00000,0x00000007bf400000)
 ParOldGen       total 64512K, used 25727K [0x0000000740000000, 0x0000000743f00000, 0x0000000795580000)
  object space 64512K, 39% used [0x0000000740000000,0x000000074191ff48,0x0000000743f00000)
 Metaspace       used 7692K, capacity 7870K, committed 8192K, reserved 1056768K
  class space    used 852K, capacity 933K, committed 1024K, reserved 1048576K
}

