# JRE version: Java(TM) SE Runtime Environment (8.0_45-b14) (build 1.8.0_45-b14)
# Java VM: Java HotSpot(TM) 64-Bit Server VM (25.45-b02 mixed mode bsd-amd64 compressed oops)
Heap:
 PSYoungGen      total 160768K, used 136594K [0x0000000795580000, 0x00000007a4180000, 0x00000007c0000000)
  eden space 158720K, 84% used [0x0000000795580000,0x000000079d8f4b50,0x000000079f080000)
  from space 2048K, 96% used [0x00000007a3f80000,0x00000007a4170000,0x00000007a4180000)
  to   space 7168K, 0% used [0x00000007a3380000,0x00000007a3380000,0x00000007a3a80000)
 ParOldGen       total 87552K, used 22135K [0x0000000740000000, 0x0000000745580000, 0x0000000795580000)
  object space 87552K, 25% used [0x0000000740000000,0x000000074159ddd8,0x0000000745580000)
 Metaspace       used 8485K, capacity 8650K, committed 8704K, reserved 1056768K
  class space    used 900K, capacity 979K, committed 1024K, reserved 1048576K
GC Heap History (10 events):
Event: 88.435 GC heap before
{Heap before GC invocations=16 (full 0):
 PSYoungGen      total 200192K, used 200096K [0x0000000795580000, 0x00000007a4f80000, 0x00000007c0000000)
  eden space 195584K, 100% used [0x0000000795580000,0x00000007a1480000,0x00000007a1480000)
  from space 4608K, 97% used [0x00000007a4500000,0x00000007a4968000,0x00000007a4980000)
  to   space 6144K, 0% used [0x00000007a4980000,0x00000007a4980000,0x00000007a4f80000)
 ParOldGen       total 87552K, used 18695K [0x0000000740000000, 0x0000000745580000, 0x0000000795580000)
  object space 87552K, 21% used [0x0000000740000000,0x0000000741241d98,0x0000000745580000)
 Metaspace       used 7953K, capacity 8190K, committed 8448K, reserved 1056768K
  class space    used 852K, capacity 933K, committed 1024K, reserved 1048576K
Event: 88.442 GC heap after
Heap after GC invocations=16 (full 0):
 PSYoungGen      total 191488K, used 4016K [0x0000000795580000, 0x00000007a4d80000, 0x00000007c0000000)
  eden space 187392K, 0% used [0x0000000795580000,0x0000000795580000,0x00000007a0c80000)
  from space 4096K, 98% used [0x00000007a4980000,0x00000007a4d6c010,0x00000007a4d80000)
  to   space 7168K, 0% used [0x00000007a3f80000,0x00000007a3f80000,0x00000007a4680000)
 ParOldGen       total 87552K, used 19287K [0x0000000740000000, 0x0000000745580000, 0x0000000795580000)
  object space 87552K, 22% used [0x0000000740000000,0x00000007412d5da8,0x0000000745580000)
 Metaspace       used 7953K, capacity 8190K, committed 8448K, reserved 1056768K
  class space    used 852K, capacity 933K, committed 1024K, reserved 1048576K
}
Event: 90.360 GC heap before
{Heap before GC invocations=17 (full 0):
 PSYoungGen      total 191488K, used 191408K [0x0000000795580000, 0x00000007a4d80000, 0x00000007c0000000)
  eden space 187392K, 100% used [0x0000000795580000,0x00000007a0c80000,0x00000007a0c80000)
  from space 4096K, 98% used [0x00000007a4980000,0x00000007a4d6c010,0x00000007a4d80000)
  to   space 7168K, 0% used [0x00000007a3f80000,0x00000007a3f80000,0x00000007a4680000)
 ParOldGen       total 87552K, used 19287K [0x0000000740000000, 0x0000000745580000, 0x0000000795580000)
  object space 87552K, 22% used [0x0000000740000000,0x00000007412d5da8,0x0000000745580000)
 Metaspace       used 7953K, capacity 8190K, committed 8448K, reserved 1056768K
  class space    used 852K, capacity 933K, committed 1024K, reserved 1048576K
Event: 90.374 GC heap after
Heap after GC invocations=17 (full 0):
 PSYoungGen      total 186368K, used 6368K [0x0000000795580000, 0x00000007a4a00000, 0x00000007c0000000)
  eden space 179712K, 0% used [0x0000000795580000,0x0000000795580000,0x00000007a0500000)
  from space 6656K, 95% used [0x00000007a3f80000,0x00000007a45b8010,0x00000007a4600000)
  to   space 4096K, 0% used [0x00000007a4600000,0x00000007a4600000,0x00000007a4a00000)
 ParOldGen       total 87552K, used 19887K [0x0000000740000000, 0x0000000745580000, 0x0000000795580000)
  object space 87552K, 22% used [0x0000000740000000,0x000000074136bda8,0x0000000745580000)
 Metaspace       used 7953K, capacity 8190K, committed 8448K, reserved 1056768K
  class space    used 852K, capacity 933K, committed 1024K, reserved 1048576K
}
Event: 95.247 GC heap before
{Heap before GC invocations=18 (full 0):
 PSYoungGen      total 186368K, used 186080K [0x0000000795580000, 0x00000007a4a00000, 0x00000007c0000000)
  eden space 179712K, 100% used [0x0000000795580000,0x00000007a0500000,0x00000007a0500000)
  from space 6656K, 95% used [0x00000007a3f80000,0x00000007a45b8010,0x00000007a4600000)
  to   space 4096K, 0% used [0x00000007a4600000,0x00000007a4600000,0x00000007a4a00000)
 ParOldGen       total 87552K, used 19887K [0x0000000740000000, 0x0000000745580000, 0x0000000795580000)
  object space 87552K, 22% used [0x0000000740000000,0x000000074136bda8,0x0000000745580000)
 Metaspace       used 7956K, capacity 8190K, committed 8448K, reserved 1056768K
  class space    used 852K, capacity 933K, committed 1024K, reserved 1048576K
Event: 95.255 GC heap after
Heap after GC invocations=18 (full 0):
 PSYoungGen      total 175104K, used 2096K [0x0000000795580000, 0x00000007a4880000, 0x00000007c0000000)
  eden space 172544K, 0% used [0x0000000795580000,0x0000000795580000,0x000000079fe00000)
  from space 2560K, 81% used [0x00000007a4600000,0x00000007a480c010,0x00000007a4880000)
  to   space 7680K, 0% used [0x00000007a3980000,0x00000007a3980000,0x00000007a4100000)
 ParOldGen       total 87552K, used 20751K [0x0000000740000000, 0x0000000745580000, 0x0000000795580000)
  object space 87552K, 23% used [0x0000000740000000,0x0000000741443db8,0x0000000745580000)
 Metaspace       used 7956K, capacity 8190K, committed 8448K, reserved 1056768K
  class space    used 852K, capacity 933K, committed 1024K, reserved 1048576K
}
Event: 97.757 GC heap before
{Heap before GC invocations=19 (full 0):
 PSYoungGen      total 175104K, used 174640K [0x0000000795580000, 0x00000007a4880000, 0x00000007c0000000)
  eden space 172544K, 100% used [0x0000000795580000,0x000000079fe00000,0x000000079fe00000)
  from space 2560K, 81% used [0x00000007a4600000,0x00000007a480c010,0x00000007a4880000)
  to   space 7680K, 0% used [0x00000007a3980000,0x00000007a3980000,0x00000007a4100000)
 ParOldGen       total 87552K, used 20751K [0x0000000740000000, 0x0000000745580000, 0x0000000795580000)
  object space 87552K, 23% used [0x0000000740000000,0x0000000741443db8,0x0000000745580000)
 Metaspace       used 7959K, capacity 8190K, committed 8448K, reserved 1056768K
  class space    used 852K, capacity 933K, committed 1024K, reserved 1048576K
Event: 97.766 GC heap after
Heap after GC invocations=19 (full 0):
 PSYoungGen      total 167936K, used 2336K [0x0000000795580000, 0x00000007a4680000, 0x00000007c0000000)
  eden space 165376K, 0% used [0x0000000795580000,0x0000000795580000,0x000000079f700000)
  from space 2560K, 91% used [0x00000007a3980000,0x00000007a3bc8020,0x00000007a3c00000)
  to   space 7168K, 0% used [0x00000007a3f80000,0x00000007a3f80000,0x00000007a4680000)
 ParOldGen       total 87552K, used 21575K [0x0000000740000000, 0x0000000745580000, 0x0000000795580000)
  object space 87552K, 24% used [0x0000000740000000,0x0000000741511db8,0x0000000745580000)
 Metaspace       used 7959K, capacity 8190K, committed 8448K, reserved 1056768K
  class space    used 852K, capacity 933K, committed 1024K, reserved 1048576K
}
Event: 98.124 GC heap before
{Heap before GC invocations=20 (full 0):
 PSYoungGen      total 167936K, used 167712K [0x0000000795580000, 0x00000007a4680000, 0x00000007c0000000)
  eden space 165376K, 100% used [0x0000000795580000,0x000000079f700000,0x000000079f700000)
  from space 2560K, 91% used [0x00000007a3980000,0x00000007a3bc8020,0x00000007a3c00000)
  to   space 7168K, 0% used [0x00000007a3f80000,0x00000007a3f80000,0x00000007a4680000)
 ParOldGen       total 87552K, used 21575K [0x0000000740000000, 0x0000000745580000, 0x0000000795580000)
  object space 87552K, 24% used [0x0000000740000000,0x0000000741511db8,0x0000000745580000)
 Metaspace       used 7959K, capacity 8190K, committed 8448K, reserved 1056768K
  class space    used 852K, capacity 933K, committed 1024K, reserved 1048576K
Event: 98.131 GC heap after
Heap after GC invocations=20 (full 0):
 PSYoungGen      total 160768K, used 1984K [0x0000000795580000, 0x00000007a4180000, 0x00000007c0000000)
  eden space 158720K, 0% used [0x0000000795580000,0x0000000795580000,0x000000079f080000)
  from space 2048K, 96% used [0x00000007a3f80000,0x00000007a4170000,0x00000007a4180000)
  to   space 7168K, 0% used [0x00000007a3380000,0x00000007a3380000,0x00000007a3a80000)
 ParOldGen       total 87552K, used 22135K [0x0000000740000000, 0x0000000745580000, 0x0000000795580000)
  object space 87552K, 25% used [0x0000000740000000,0x000000074159ddd8,0x0000000745580000)
 Metaspace       used 7959K, capacity 8190K, committed 8448K, reserved 1056768K
  class space    used 852K, capacity 933K, committed 1024K, reserved 1048576K
}

